<?xml version="1.0" encoding="UTF-8"?>
<!-- Generated by org.testng.reporters.JUnitXMLReporter -->
<testsuite ignored="0" hostname="DESKTOP-764EUV6" failures="0" tests="2" name="Test-2" time="56.902" errors="0" timestamp="28 Feb 2025 05:23:34 GMT">
  <testcase classname="ProjectImplementationInBaseClass.RealPrjctCreateContactTest" name="createContact" time="20.592"/>
  <testcase classname="ProjectImplementationInBaseClass.RealPrjctCreateContactTest" name="createContactSupportDate" time="16.423"/>
</testsuite> <!-- Test-2 -->
