<?xml version="1.0" encoding="UTF-8"?>
<!-- Generated by org.testng.reporters.JUnitReportReporter -->
<testsuite hostname="DESKTOP-764EUV6" failures="0" tests="2" name="ProjectImplementationInBaseClass.RealPrjctCreateContactTest" time="40.234" errors="0" timestamp="04 Mar 2025 09:44:32 GMT" skipped="0">
  <testcase classname="ProjectImplementationInBaseClass.RealPrjctCreateContactTest" name="createContactSupportDate" time="19.314"/>
  <testcase classname="ProjectImplementationInBaseClass.RealPrjctCreateContactTest" name="createContact" time="20.920"/>
</testsuite> <!-- ProjectImplementationInBaseClass.RealPrjctCreateContactTest -->
