<?xml version="1.0" encoding="UTF-8"?>
<!-- Generated by org.testng.reporters.JUnitReportReporter -->
<testsuite hostname="DESKTOP-764EUV6" failures="0" tests="3" name="ProjectImplementationInBaseClass.RealPrjctCreateOrgTest" time="62.685" errors="0" timestamp="04 Mar 2025 09:44:32 GMT" skipped="0">
  <testcase classname="ProjectImplementationInBaseClass.RealPrjctCreateOrgTest" name="createOrganizationTest" time="19.338"/>
  <testcase classname="ProjectImplementationInBaseClass.RealPrjctCreateOrgTest" name="createOrgWithIndustries" time="21.446"/>
  <testcase classname="ProjectImplementationInBaseClass.RealPrjctCreateOrgTest" name="createOrgWithPhoneNum" time="21.901"/>
</testsuite> <!-- ProjectImplementationInBaseClass.RealPrjctCreateOrgTest -->
