<?xml version="1.0" encoding="UTF-8"?>
<!-- Generated by org.testng.reporters.JUnitReportReporter -->
<testsuite hostname="DESKTOP-764EUV6" failures="0" tests="4" name="ProjectImplementationInBaseClass.RealPrjctCreateContactTest" time="100.345" errors="0" timestamp="2025-03-04T18:24:12 IST" skipped="0">
  <testcase classname="ProjectImplementationInBaseClass.RealPrjctCreateContactTest" name="createContactSupportDate" time="23.381"/>
  <system-out/>
  <testcase classname="ProjectImplementationInBaseClass.RealPrjctCreateContactTest" name="createContact" time="26.081"/>
  <system-out/>
  <testcase classname="ProjectImplementationInBaseClass.RealPrjctCreateContactTest" name="createContact" time="24.961"/>
  <system-out/>
  <testcase classname="ProjectImplementationInBaseClass.RealPrjctCreateContactTest" name="createContactSupportDate" time="25.922"/>
  <system-out/>
</testsuite> <!-- ProjectImplementationInBaseClass.RealPrjctCreateContactTest -->
