<?xml version="1.0" encoding="UTF-8"?>
<!-- Generated by org.testng.reporters.JUnitReportReporter -->
<testsuite hostname="DESKTOP-764EUV6" failures="0" tests="4" name="ProjectImplementationInBaseClass.RealPrjctCreateContactTest" time="103.906" errors="0" timestamp="28 Feb 2025 06:44:34 GMT" skipped="0">
  <testcase classname="ProjectImplementationInBaseClass.RealPrjctCreateContactTest" name="createContact" time="26.240"/>
  <testcase classname="ProjectImplementationInBaseClass.RealPrjctCreateContactTest" name="createContactSupportDate" time="24.692"/>
  <testcase classname="ProjectImplementationInBaseClass.RealPrjctCreateContactTest" name="createContactSupportDate" time="26.393"/>
  <testcase classname="ProjectImplementationInBaseClass.RealPrjctCreateContactTest" name="createContact" time="26.581"/>
</testsuite> <!-- ProjectImplementationInBaseClass.RealPrjctCreateContactTest -->
