<?xml version="1.0" encoding="UTF-8"?>
<!-- Generated by org.testng.reporters.JUnitReportReporter -->
<testsuite hostname="DESKTOP-764EUV6" failures="0" tests="2" name="pac2.OrgTest" time="0.016" errors="0" timestamp="27 Feb 2025 08:14:53 GMT" skipped="0">
  <testcase classname="pac2.OrgTest" name="ModifyOrgTest" time="0.003"/>
  <testcase classname="pac2.OrgTest" name="CreateOrgTest" time="0.013"/>
</testsuite> <!-- pac2.OrgTest -->
