<?xml version="1.0" encoding="UTF-8"?>
<!-- Generated by org.testng.reporters.JUnitReportReporter -->
<testsuite hostname="DESKTOP-764EUV6" failures="0" tests="3" name="ProjectImplementationInBaseClass.RealPrjctCreateOrgTest" time="47.895" errors="0" timestamp="2025-03-04T17:32:59 IST" skipped="0">
  <testcase classname="ProjectImplementationInBaseClass.RealPrjctCreateOrgTest" name="createOrgWithIndustries" time="17.780"/>
  <system-out/>
  <testcase classname="ProjectImplementationInBaseClass.RealPrjctCreateOrgTest" name="createOrgWithPhoneNum" time="15.236"/>
  <system-out/>
  <testcase classname="ProjectImplementationInBaseClass.RealPrjctCreateOrgTest" name="createOrganizationTest" time="14.879"/>
  <system-out/>
</testsuite> <!-- ProjectImplementationInBaseClass.RealPrjctCreateOrgTest -->
