<?xml version="1.0" encoding="UTF-8"?>
<!-- Generated by org.testng.reporters.JUnitReportReporter -->
<testsuite hostname="DESKTOP-764EUV6" failures="0" tests="1" name="ProjectImplementationInBaseClass.RealPrjctCreateContactTest" time="16.427" errors="0" timestamp="2025-03-04T17:27:50 IST" skipped="0">
  <testcase classname="ProjectImplementationInBaseClass.RealPrjctCreateContactTest" name="createContactSupportDate" time="16.427"/>
  <system-out/>
</testsuite> <!-- ProjectImplementationInBaseClass.RealPrjctCreateContactTest -->
