<?xml version="1.0" encoding="UTF-8"?>
<!-- Generated by org.testng.reporters.JUnitReportReporter -->
<testsuite hostname="DESKTOP-764EUV6" failures="0" tests="6" name="ProjectImplementationInBaseClass.RealPrjctCreateOrgTest" time="160.004" errors="0" timestamp="2025-03-04T18:24:12 IST" skipped="0">
  <testcase classname="ProjectImplementationInBaseClass.RealPrjctCreateOrgTest" name="createOrgWithPhoneNum" time="27.205"/>
  <system-out/>
  <testcase classname="ProjectImplementationInBaseClass.RealPrjctCreateOrgTest" name="createOrgWithIndustries" time="30.677"/>
  <system-out/>
  <testcase classname="ProjectImplementationInBaseClass.RealPrjctCreateOrgTest" name="createOrgWithIndustries" time="29.767"/>
  <system-out/>
  <testcase classname="ProjectImplementationInBaseClass.RealPrjctCreateOrgTest" name="createOrganizationTest" time="23.105"/>
  <system-out/>
  <testcase classname="ProjectImplementationInBaseClass.RealPrjctCreateOrgTest" name="createOrgWithPhoneNum" time="26.257"/>
  <system-out/>
  <testcase classname="ProjectImplementationInBaseClass.RealPrjctCreateOrgTest" name="createOrganizationTest" time="22.993"/>
  <system-out/>
</testsuite> <!-- ProjectImplementationInBaseClass.RealPrjctCreateOrgTest -->
