<?xml version="1.0" encoding="UTF-8"?>
<!-- Generated by org.testng.reporters.JUnitReportReporter -->
<testsuite hostname="DESKTOP-764EUV6" failures="0" tests="4" name="ProjectImplementationInBaseClass.RealPrjctCreateContactTest" time="101.960" errors="0" timestamp="04 Mar 2025 07:03:34 GMT" skipped="0">
  <testcase classname="ProjectImplementationInBaseClass.RealPrjctCreateContactTest" name="createContactSupportDate" time="22.623"/>
  <testcase classname="ProjectImplementationInBaseClass.RealPrjctCreateContactTest" name="createContact" time="27.414"/>
  <testcase classname="ProjectImplementationInBaseClass.RealPrjctCreateContactTest" name="createContactSupportDate" time="23.655"/>
  <testcase classname="ProjectImplementationInBaseClass.RealPrjctCreateContactTest" name="createContact" time="28.268"/>
</testsuite> <!-- ProjectImplementationInBaseClass.RealPrjctCreateContactTest -->
